[0m22:34:18.777995 [debug] [MainThread]: Sending event: {'category': 'dbt', 'action': 'invocation', 'label': 'start', 'context': [<snowplow_tracker.self_describing_json.SelfDescribingJson object at 0x11296a4b0>, <snowplow_tracker.self_describing_json.SelfDescribingJson object at 0x1126097c0>, <snowplow_tracker.self_describing_json.SelfDescribingJson object at 0x11299f290>]}


============================== 22:34:18.780859 | d8459b34-09ba-4710-b640-02640c20ab77 ==============================
[0m22:34:18.780859 [info ] [MainThread]: Running with dbt=1.7.17
[0m22:34:18.781184 [debug] [MainThread]: running dbt with arguments {'printer_width': '80', 'indirect_selection': 'eager', 'write_json': 'True', 'log_cache_events': 'False', 'partial_parse': 'True', 'cache_selected_only': 'False', 'profiles_dir': '/Users/p.hdasilvamota/.dbt', 'debug': 'False', 'fail_fast': 'False', 'log_path': 'logs', 'warn_error': 'None', 'version_check': 'True', 'use_colors': 'True', 'use_experimental_parser': 'False', 'no_print': 'None', 'quiet': 'False', 'log_format': 'default', 'introspect': 'True', 'static_parser': 'True', 'invocation_command': 'dbt init dbtlearn', 'target_path': 'None', 'warn_error_options': 'WarnErrorOptions(include=[], exclude=[])', 'send_anonymous_usage_stats': 'True'}
[0m22:34:18.781692 [debug] [MainThread]: Starter project path: /Users/p.hdasilvamota/Documents/course/venv/lib/python3.12/site-packages/dbt/include/starter_project
[0m22:34:18.787883 [info ] [MainThread]: 
Your new dbt project "dbtlearn" was created!

For more information on how to configure the profiles.yml file,
please consult the dbt documentation here:

  https://docs.getdbt.com/docs/configure-your-profile

One more thing:

Need help? Don't hesitate to reach out to us via GitHub issues or on Slack:

  https://community.getdbt.com/

Happy modeling!

[0m22:34:18.788159 [info ] [MainThread]: Setting up your profile.
[0m22:35:17.806929 [info ] [MainThread]: Profile dbtlearn written to /Users/p.hdasilvamota/.dbt/profiles.yml using target's profile_template.yml and your supplied values. Run 'dbt debug' to validate the connection.
[0m22:35:17.811549 [debug] [MainThread]: Resource report: {"command_name": "init", "command_success": true, "command_wall_clock_time": 59.069126, "process_user_time": 0.893507, "process_kernel_time": 0.135727, "process_mem_max_rss": "118898688", "process_in_blocks": "0", "process_out_blocks": "0"}
[0m22:35:17.812524 [debug] [MainThread]: Command `dbt init` succeeded at 22:35:17.812332 after 59.07 seconds
[0m22:35:17.812992 [debug] [MainThread]: Sending event: {'category': 'dbt', 'action': 'invocation', 'label': 'end', 'context': [<snowplow_tracker.self_describing_json.SelfDescribingJson object at 0x112be3080>, <snowplow_tracker.self_describing_json.SelfDescribingJson object at 0x10530cec0>, <snowplow_tracker.self_describing_json.SelfDescribingJson object at 0x112f6af00>]}
[0m22:35:17.813473 [debug] [MainThread]: Flushing usage events
[0m22:35:21.375331 [debug] [MainThread]: Sending event: {'category': 'dbt', 'action': 'invocation', 'label': 'start', 'context': [<snowplow_tracker.self_describing_json.SelfDescribingJson object at 0x1068855b0>, <snowplow_tracker.self_describing_json.SelfDescribingJson object at 0x1068bb500>, <snowplow_tracker.self_describing_json.SelfDescribingJson object at 0x1068bb140>]}


============================== 22:35:21.378192 | 1484c161-e810-4b8e-ad96-5131f60eae9c ==============================
[0m22:35:21.378192 [info ] [MainThread]: Running with dbt=1.7.17
[0m22:35:21.378519 [debug] [MainThread]: running dbt with arguments {'printer_width': '80', 'indirect_selection': 'eager', 'log_cache_events': 'False', 'write_json': 'True', 'partial_parse': 'True', 'cache_selected_only': 'False', 'warn_error': 'None', 'debug': 'False', 'version_check': 'True', 'log_path': 'logs', 'fail_fast': 'False', 'profiles_dir': '/Users/p.hdasilvamota/.dbt', 'use_colors': 'True', 'use_experimental_parser': 'False', 'no_print': 'None', 'quiet': 'False', 'log_format': 'default', 'static_parser': 'True', 'introspect': 'True', 'invocation_command': 'dbt debug', 'target_path': 'None', 'warn_error_options': 'WarnErrorOptions(include=[], exclude=[])', 'send_anonymous_usage_stats': 'True'}
[0m22:35:21.378849 [info ] [MainThread]: dbt version: 1.7.17
[0m22:35:21.379021 [info ] [MainThread]: python version: 3.12.4
[0m22:35:21.379177 [info ] [MainThread]: python path: /Users/p.hdasilvamota/Documents/course/venv/bin/python
[0m22:35:21.379332 [info ] [MainThread]: os info: macOS-14.6-arm64-arm-64bit
[0m22:35:21.473393 [info ] [MainThread]: Using profiles dir at /Users/p.hdasilvamota/.dbt
[0m22:35:21.473654 [info ] [MainThread]: Using profiles.yml file at /Users/p.hdasilvamota/.dbt/profiles.yml
[0m22:35:21.473813 [info ] [MainThread]: Using dbt_project.yml file at /Users/p.hdasilvamota/Documents/course/dbt_project.yml
[0m22:35:21.474918 [info ] [MainThread]: adapter type: snowflake
[0m22:35:21.475199 [info ] [MainThread]: adapter version: 1.7.1
[0m22:35:21.475381 [info ] [MainThread]: Configuration:
[0m22:35:21.475542 [info ] [MainThread]:   profiles.yml file [[32mOK found and valid[0m]
[0m22:35:21.475692 [info ] [MainThread]:   dbt_project.yml file [[31mERROR not found[0m]
[0m22:35:21.475838 [info ] [MainThread]: Required dependencies:
[0m22:35:21.476023 [debug] [MainThread]: Executing "git --help"
[0m22:35:21.488715 [debug] [MainThread]: STDOUT: "b"usage: git [-v | --version] [-h | --help] [-C <path>] [-c <name>=<value>]\n           [--exec-path[=<path>]] [--html-path] [--man-path] [--info-path]\n           [-p | --paginate | -P | --no-pager] [--no-replace-objects] [--bare]\n           [--git-dir=<path>] [--work-tree=<path>] [--namespace=<name>]\n           [--config-env=<name>=<envvar>] <command> [<args>]\n\nThese are common Git commands used in various situations:\n\nstart a working area (see also: git help tutorial)\n   clone     Clone a repository into a new directory\n   init      Create an empty Git repository or reinitialize an existing one\n\nwork on the current change (see also: git help everyday)\n   add       Add file contents to the index\n   mv        Move or rename a file, a directory, or a symlink\n   restore   Restore working tree files\n   rm        Remove files from the working tree and from the index\n\nexamine the history and state (see also: git help revisions)\n   bisect    Use binary search to find the commit that introduced a bug\n   diff      Show changes between commits, commit and working tree, etc\n   grep      Print lines matching a pattern\n   log       Show commit logs\n   show      Show various types of objects\n   status    Show the working tree status\n\ngrow, mark and tweak your common history\n   branch    List, create, or delete branches\n   commit    Record changes to the repository\n   merge     Join two or more development histories together\n   rebase    Reapply commits on top of another base tip\n   reset     Reset current HEAD to the specified state\n   switch    Switch branches\n   tag       Create, list, delete or verify a tag object signed with GPG\n\ncollaborate (see also: git help workflows)\n   fetch     Download objects and refs from another repository\n   pull      Fetch from and integrate with another repository or a local branch\n   push      Update remote refs along with associated objects\n\n'git help -a' and 'git help -g' list available subcommands and some\nconcept guides. See 'git help <command>' or 'git help <concept>'\nto read about a specific subcommand or concept.\nSee 'git help git' for an overview of the system.\n""
[0m22:35:21.489213 [debug] [MainThread]: STDERR: "b''"
[0m22:35:21.489413 [info ] [MainThread]:  - git [[32mOK found[0m]

[0m22:35:21.489591 [info ] [MainThread]: Connection:
[0m22:35:21.489768 [info ] [MainThread]:   account: zp67319.eu-central-1
[0m22:35:21.489918 [info ] [MainThread]:   user: phmota
[0m22:35:21.490067 [info ] [MainThread]:   database: AIRBNB
[0m22:35:21.490205 [info ] [MainThread]:   warehouse: COMPUTE_WH
[0m22:35:21.490340 [info ] [MainThread]:   role: transform
[0m22:35:21.490471 [info ] [MainThread]:   schema: DEV
[0m22:35:21.490605 [info ] [MainThread]:   authenticator: None
[0m22:35:21.490745 [info ] [MainThread]:   private_key_path: None
[0m22:35:21.490874 [info ] [MainThread]:   token: None
[0m22:35:21.491002 [info ] [MainThread]:   oauth_client_id: None
[0m22:35:21.491129 [info ] [MainThread]:   query_tag: None
[0m22:35:21.491260 [info ] [MainThread]:   client_session_keep_alive: False
[0m22:35:21.491388 [info ] [MainThread]:   host: None
[0m22:35:21.491518 [info ] [MainThread]:   port: None
[0m22:35:21.491650 [info ] [MainThread]:   proxy_host: None
[0m22:35:21.491779 [info ] [MainThread]:   proxy_port: None
[0m22:35:21.491911 [info ] [MainThread]:   protocol: None
[0m22:35:21.492041 [info ] [MainThread]:   connect_retries: 1
[0m22:35:21.492177 [info ] [MainThread]:   connect_timeout: None
[0m22:35:21.492309 [info ] [MainThread]:   retry_on_database_errors: False
[0m22:35:21.492441 [info ] [MainThread]:   retry_all: False
[0m22:35:21.492650 [info ] [MainThread]:   insecure_mode: False
[0m22:35:21.492853 [info ] [MainThread]:   reuse_connections: None
[0m22:35:21.493196 [info ] [MainThread]: Registered adapter: snowflake=1.7.1
[0m22:35:21.496050 [debug] [MainThread]: Acquiring new snowflake connection 'debug'
[0m22:35:21.496828 [debug] [MainThread]: Using snowflake connection "debug"
[0m22:35:21.497028 [debug] [MainThread]: On debug: select 1 as id
[0m22:35:21.497211 [debug] [MainThread]: Opening a new connection, currently in state init
[0m22:35:21.957584 [debug] [MainThread]: SQL status: SUCCESS 1 in 0.0 seconds
[0m22:35:21.960285 [debug] [MainThread]: On debug: Close
[0m22:35:22.045397 [info ] [MainThread]:   Connection test: [[32mOK connection ok[0m]

[0m22:35:22.046300 [info ] [MainThread]: [31m1 check failed:[0m
[0m22:35:22.046762 [info ] [MainThread]: Project loading failed for the following reason:
 project path </Users/p.hdasilvamota/Documents/course/dbt_project.yml> not found

[0m22:35:22.048966 [debug] [MainThread]: Resource report: {"command_name": "debug", "command_wall_clock_time": 0.7106651, "process_user_time": 0.926702, "process_kernel_time": 0.121752, "process_mem_max_rss": "125239296", "command_success": false, "process_in_blocks": "0", "process_out_blocks": "0"}
[0m22:35:22.049714 [debug] [MainThread]: Command `dbt debug` failed at 22:35:22.049538 after 0.71 seconds
[0m22:35:22.050150 [debug] [MainThread]: Connection 'debug' was properly closed.
[0m22:35:22.050580 [debug] [MainThread]: Sending event: {'category': 'dbt', 'action': 'invocation', 'label': 'end', 'context': [<snowplow_tracker.self_describing_json.SelfDescribingJson object at 0x104a90680>, <snowplow_tracker.self_describing_json.SelfDescribingJson object at 0x1064f6f30>, <snowplow_tracker.self_describing_json.SelfDescribingJson object at 0x1065ac410>]}
[0m22:35:22.051086 [debug] [MainThread]: Flushing usage events
[0m22:37:23.485282 [debug] [MainThread]: Sending event: {'category': 'dbt', 'action': 'invocation', 'label': 'start', 'context': [<snowplow_tracker.self_describing_json.SelfDescribingJson object at 0x106c895b0>, <snowplow_tracker.self_describing_json.SelfDescribingJson object at 0x106cbb920>, <snowplow_tracker.self_describing_json.SelfDescribingJson object at 0x106cbb5c0>]}


============================== 22:37:23.488274 | c06ef2fc-8fbb-48e4-a595-8cefa47a9e55 ==============================
[0m22:37:23.488274 [info ] [MainThread]: Running with dbt=1.7.17
[0m22:37:23.488599 [debug] [MainThread]: running dbt with arguments {'printer_width': '80', 'indirect_selection': 'eager', 'write_json': 'True', 'log_cache_events': 'False', 'partial_parse': 'True', 'cache_selected_only': 'False', 'profiles_dir': '/Users/p.hdasilvamota/.dbt', 'version_check': 'True', 'fail_fast': 'False', 'log_path': '/Users/p.hdasilvamota/Documents/course/logs', 'warn_error': 'None', 'debug': 'False', 'use_colors': 'True', 'use_experimental_parser': 'False', 'no_print': 'None', 'quiet': 'False', 'warn_error_options': 'WarnErrorOptions(include=[], exclude=[])', 'invocation_command': 'dbt debug', 'log_format': 'default', 'introspect': 'True', 'target_path': 'None', 'static_parser': 'True', 'send_anonymous_usage_stats': 'True'}
[0m22:37:23.488911 [info ] [MainThread]: dbt version: 1.7.17
[0m22:37:23.489074 [info ] [MainThread]: python version: 3.12.4
[0m22:37:23.489219 [info ] [MainThread]: python path: /Users/p.hdasilvamota/Documents/course/venv/bin/python
[0m22:37:23.489361 [info ] [MainThread]: os info: macOS-14.6-arm64-arm-64bit
[0m22:37:23.583479 [info ] [MainThread]: Using profiles dir at /Users/p.hdasilvamota/.dbt
[0m22:37:23.583773 [info ] [MainThread]: Using profiles.yml file at /Users/p.hdasilvamota/.dbt/profiles.yml
[0m22:37:23.583936 [info ] [MainThread]: Using dbt_project.yml file at /Users/p.hdasilvamota/Documents/course/dbt_project.yml
[0m22:37:23.584957 [info ] [MainThread]: adapter type: snowflake
[0m22:37:23.585176 [info ] [MainThread]: adapter version: 1.7.1
[0m22:37:23.616706 [info ] [MainThread]: Configuration:
[0m22:37:23.617032 [info ] [MainThread]:   profiles.yml file [[32mOK found and valid[0m]
[0m22:37:23.617208 [info ] [MainThread]:   dbt_project.yml file [[32mOK found and valid[0m]
[0m22:37:23.617377 [info ] [MainThread]: Required dependencies:
[0m22:37:23.617635 [debug] [MainThread]: Executing "git --help"
[0m22:37:23.627686 [debug] [MainThread]: STDOUT: "b"usage: git [-v | --version] [-h | --help] [-C <path>] [-c <name>=<value>]\n           [--exec-path[=<path>]] [--html-path] [--man-path] [--info-path]\n           [-p | --paginate | -P | --no-pager] [--no-replace-objects] [--bare]\n           [--git-dir=<path>] [--work-tree=<path>] [--namespace=<name>]\n           [--config-env=<name>=<envvar>] <command> [<args>]\n\nThese are common Git commands used in various situations:\n\nstart a working area (see also: git help tutorial)\n   clone     Clone a repository into a new directory\n   init      Create an empty Git repository or reinitialize an existing one\n\nwork on the current change (see also: git help everyday)\n   add       Add file contents to the index\n   mv        Move or rename a file, a directory, or a symlink\n   restore   Restore working tree files\n   rm        Remove files from the working tree and from the index\n\nexamine the history and state (see also: git help revisions)\n   bisect    Use binary search to find the commit that introduced a bug\n   diff      Show changes between commits, commit and working tree, etc\n   grep      Print lines matching a pattern\n   log       Show commit logs\n   show      Show various types of objects\n   status    Show the working tree status\n\ngrow, mark and tweak your common history\n   branch    List, create, or delete branches\n   commit    Record changes to the repository\n   merge     Join two or more development histories together\n   rebase    Reapply commits on top of another base tip\n   reset     Reset current HEAD to the specified state\n   switch    Switch branches\n   tag       Create, list, delete or verify a tag object signed with GPG\n\ncollaborate (see also: git help workflows)\n   fetch     Download objects and refs from another repository\n   pull      Fetch from and integrate with another repository or a local branch\n   push      Update remote refs along with associated objects\n\n'git help -a' and 'git help -g' list available subcommands and some\nconcept guides. See 'git help <command>' or 'git help <concept>'\nto read about a specific subcommand or concept.\nSee 'git help git' for an overview of the system.\n""
[0m22:37:23.628097 [debug] [MainThread]: STDERR: "b''"
[0m22:37:23.628278 [info ] [MainThread]:  - git [[32mOK found[0m]

[0m22:37:23.628442 [info ] [MainThread]: Connection:
[0m22:37:23.628627 [info ] [MainThread]:   account: zp67319.eu-central-1
[0m22:37:23.628914 [info ] [MainThread]:   user: phmota
[0m22:37:23.629096 [info ] [MainThread]:   database: AIRBNB
[0m22:37:23.629236 [info ] [MainThread]:   warehouse: COMPUTE_WH
[0m22:37:23.629370 [info ] [MainThread]:   role: transform
[0m22:37:23.629499 [info ] [MainThread]:   schema: DEV
[0m22:37:23.629629 [info ] [MainThread]:   authenticator: None
[0m22:37:23.629763 [info ] [MainThread]:   private_key_path: None
[0m22:37:23.629914 [info ] [MainThread]:   token: None
[0m22:37:23.630045 [info ] [MainThread]:   oauth_client_id: None
[0m22:37:23.630171 [info ] [MainThread]:   query_tag: None
[0m22:37:23.630297 [info ] [MainThread]:   client_session_keep_alive: False
[0m22:37:23.630423 [info ] [MainThread]:   host: None
[0m22:37:23.630550 [info ] [MainThread]:   port: None
[0m22:37:23.630675 [info ] [MainThread]:   proxy_host: None
[0m22:37:23.630797 [info ] [MainThread]:   proxy_port: None
[0m22:37:23.630920 [info ] [MainThread]:   protocol: None
[0m22:37:23.631044 [info ] [MainThread]:   connect_retries: 1
[0m22:37:23.631172 [info ] [MainThread]:   connect_timeout: None
[0m22:37:23.631305 [info ] [MainThread]:   retry_on_database_errors: False
[0m22:37:23.631437 [info ] [MainThread]:   retry_all: False
[0m22:37:23.631568 [info ] [MainThread]:   insecure_mode: False
[0m22:37:23.631700 [info ] [MainThread]:   reuse_connections: None
[0m22:37:23.631980 [info ] [MainThread]: Registered adapter: snowflake=1.7.1
[0m22:37:23.635144 [debug] [MainThread]: Acquiring new snowflake connection 'debug'
[0m22:37:23.635891 [debug] [MainThread]: Using snowflake connection "debug"
[0m22:37:23.636052 [debug] [MainThread]: On debug: select 1 as id
[0m22:37:23.636366 [debug] [MainThread]: Opening a new connection, currently in state init
[0m22:37:23.972653 [debug] [MainThread]: SQL status: SUCCESS 1 in 0.0 seconds
[0m22:37:23.976077 [debug] [MainThread]: On debug: Close
[0m22:37:24.102017 [info ] [MainThread]:   Connection test: [[32mOK connection ok[0m]

[0m22:37:24.103290 [info ] [MainThread]: [32mAll checks passed![0m
[0m22:37:24.107029 [debug] [MainThread]: Resource report: {"command_name": "debug", "command_success": true, "command_wall_clock_time": 0.65723515, "process_user_time": 0.960652, "process_kernel_time": 0.124423, "process_mem_max_rss": "126763008", "process_in_blocks": "0", "process_out_blocks": "0"}
[0m22:37:24.107903 [debug] [MainThread]: Command `dbt debug` succeeded at 22:37:24.107718 after 0.66 seconds
[0m22:37:24.108350 [debug] [MainThread]: Connection 'debug' was properly closed.
[0m22:37:24.108796 [debug] [MainThread]: Sending event: {'category': 'dbt', 'action': 'invocation', 'label': 'end', 'context': [<snowplow_tracker.self_describing_json.SelfDescribingJson object at 0x1067eae40>, <snowplow_tracker.self_describing_json.SelfDescribingJson object at 0x1068faf60>, <snowplow_tracker.self_describing_json.SelfDescribingJson object at 0x102a71880>]}
[0m22:37:24.109689 [debug] [MainThread]: Flushing usage events
[0m15:04:53.478982 [debug] [MainThread]: Sending event: {'category': 'dbt', 'action': 'invocation', 'label': 'start', 'context': [<snowplow_tracker.self_describing_json.SelfDescribingJson object at 0x106869bb0>, <snowplow_tracker.self_describing_json.SelfDescribingJson object at 0x10689f6b0>, <snowplow_tracker.self_describing_json.SelfDescribingJson object at 0x10689f3b0>]}


============================== 15:04:53.482276 | 22d5da5a-b234-4543-a9d0-0752bc02b48a ==============================
[0m15:04:53.482276 [info ] [MainThread]: Running with dbt=1.7.17
[0m15:04:53.482605 [debug] [MainThread]: running dbt with arguments {'printer_width': '80', 'indirect_selection': 'eager', 'log_cache_events': 'False', 'write_json': 'True', 'partial_parse': 'True', 'cache_selected_only': 'False', 'warn_error': 'None', 'debug': 'False', 'fail_fast': 'False', 'log_path': 'logs', 'profiles_dir': '/Users/p.hdasilvamota/.dbt', 'version_check': 'True', 'use_colors': 'True', 'use_experimental_parser': 'False', 'no_print': 'None', 'quiet': 'False', 'log_format': 'default', 'invocation_command': 'dbt debug', 'warn_error_options': 'WarnErrorOptions(include=[], exclude=[])', 'static_parser': 'True', 'target_path': 'None', 'introspect': 'True', 'send_anonymous_usage_stats': 'True'}
[0m15:04:53.482918 [info ] [MainThread]: dbt version: 1.7.17
[0m15:04:53.483080 [info ] [MainThread]: python version: 3.12.4
[0m15:04:53.483227 [info ] [MainThread]: python path: /Users/p.hdasilvamota/Documents/course/venv/bin/python
[0m15:04:53.483377 [info ] [MainThread]: os info: macOS-14.6-arm64-arm-64bit
[0m15:04:53.612038 [info ] [MainThread]: Using profiles dir at /Users/p.hdasilvamota/.dbt
[0m15:04:53.612295 [info ] [MainThread]: Using profiles.yml file at /Users/p.hdasilvamota/.dbt/profiles.yml
[0m15:04:53.612489 [info ] [MainThread]: Using dbt_project.yml file at /Users/p.hdasilvamota/Documents/course/dbt_project.yml
[0m15:04:53.612940 [info ] [MainThread]: adapter type: snowflake
[0m15:04:53.613102 [info ] [MainThread]: adapter version: 1.7.1
[0m15:04:53.613262 [info ] [MainThread]: Configuration:
[0m15:04:53.613413 [info ] [MainThread]:   profiles.yml file [[32mOK found and valid[0m]
[0m15:04:53.613577 [info ] [MainThread]:   dbt_project.yml file [[31mERROR not found[0m]
[0m15:04:53.613726 [info ] [MainThread]: Required dependencies:
[0m15:04:53.613927 [debug] [MainThread]: Executing "git --help"
[0m15:04:53.624010 [debug] [MainThread]: STDOUT: "b"usage: git [-v | --version] [-h | --help] [-C <path>] [-c <name>=<value>]\n           [--exec-path[=<path>]] [--html-path] [--man-path] [--info-path]\n           [-p | --paginate | -P | --no-pager] [--no-replace-objects] [--bare]\n           [--git-dir=<path>] [--work-tree=<path>] [--namespace=<name>]\n           [--config-env=<name>=<envvar>] <command> [<args>]\n\nThese are common Git commands used in various situations:\n\nstart a working area (see also: git help tutorial)\n   clone     Clone a repository into a new directory\n   init      Create an empty Git repository or reinitialize an existing one\n\nwork on the current change (see also: git help everyday)\n   add       Add file contents to the index\n   mv        Move or rename a file, a directory, or a symlink\n   restore   Restore working tree files\n   rm        Remove files from the working tree and from the index\n\nexamine the history and state (see also: git help revisions)\n   bisect    Use binary search to find the commit that introduced a bug\n   diff      Show changes between commits, commit and working tree, etc\n   grep      Print lines matching a pattern\n   log       Show commit logs\n   show      Show various types of objects\n   status    Show the working tree status\n\ngrow, mark and tweak your common history\n   branch    List, create, or delete branches\n   commit    Record changes to the repository\n   merge     Join two or more development histories together\n   rebase    Reapply commits on top of another base tip\n   reset     Reset current HEAD to the specified state\n   switch    Switch branches\n   tag       Create, list, delete or verify a tag object signed with GPG\n\ncollaborate (see also: git help workflows)\n   fetch     Download objects and refs from another repository\n   pull      Fetch from and integrate with another repository or a local branch\n   push      Update remote refs along with associated objects\n\n'git help -a' and 'git help -g' list available subcommands and some\nconcept guides. See 'git help <command>' or 'git help <concept>'\nto read about a specific subcommand or concept.\nSee 'git help git' for an overview of the system.\n""
[0m15:04:53.624531 [debug] [MainThread]: STDERR: "b''"
[0m15:04:53.624711 [info ] [MainThread]:  - git [[32mOK found[0m]

[0m15:04:53.624887 [info ] [MainThread]: Connection:
[0m15:04:53.625063 [info ] [MainThread]:   account: zp67319.eu-central-1
[0m15:04:53.625203 [info ] [MainThread]:   user: phmota
[0m15:04:53.625337 [info ] [MainThread]:   database: AIRBNB
[0m15:04:53.625472 [info ] [MainThread]:   warehouse: COMPUTE_WH
[0m15:04:53.625607 [info ] [MainThread]:   role: transform
[0m15:04:53.625740 [info ] [MainThread]:   schema: DEV
[0m15:04:53.625875 [info ] [MainThread]:   authenticator: None
[0m15:04:53.626007 [info ] [MainThread]:   private_key_path: None
[0m15:04:53.626138 [info ] [MainThread]:   token: None
[0m15:04:53.626268 [info ] [MainThread]:   oauth_client_id: None
[0m15:04:53.626398 [info ] [MainThread]:   query_tag: None
[0m15:04:53.626529 [info ] [MainThread]:   client_session_keep_alive: False
[0m15:04:53.626676 [info ] [MainThread]:   host: None
[0m15:04:53.626807 [info ] [MainThread]:   port: None
[0m15:04:53.626940 [info ] [MainThread]:   proxy_host: None
[0m15:04:53.627067 [info ] [MainThread]:   proxy_port: None
[0m15:04:53.627194 [info ] [MainThread]:   protocol: None
[0m15:04:53.627322 [info ] [MainThread]:   connect_retries: 1
[0m15:04:53.627451 [info ] [MainThread]:   connect_timeout: None
[0m15:04:53.627583 [info ] [MainThread]:   retry_on_database_errors: False
[0m15:04:53.627712 [info ] [MainThread]:   retry_all: False
[0m15:04:53.627841 [info ] [MainThread]:   insecure_mode: False
[0m15:04:53.627969 [info ] [MainThread]:   reuse_connections: None
[0m15:04:53.628218 [info ] [MainThread]: Registered adapter: snowflake=1.7.1
[0m15:04:53.631489 [debug] [MainThread]: Acquiring new snowflake connection 'debug'
[0m15:04:53.632403 [debug] [MainThread]: Using snowflake connection "debug"
[0m15:04:53.632575 [debug] [MainThread]: On debug: select 1 as id
[0m15:04:53.632721 [debug] [MainThread]: Opening a new connection, currently in state init
[0m15:04:54.658961 [debug] [MainThread]: SQL status: SUCCESS 1 in 1.0 seconds
[0m15:04:54.662720 [debug] [MainThread]: On debug: Close
[0m15:04:54.836916 [info ] [MainThread]:   Connection test: [[32mOK connection ok[0m]

[0m15:04:54.837685 [info ] [MainThread]: [31m1 check failed:[0m
[0m15:04:54.838070 [info ] [MainThread]: Project loading failed for the following reason:
 project path </Users/p.hdasilvamota/Documents/course/dbt_project.yml> not found

[0m15:04:54.842012 [debug] [MainThread]: Resource report: {"command_name": "debug", "command_wall_clock_time": 1.4034904, "process_user_time": 0.929182, "process_kernel_time": 0.160592, "process_mem_max_rss": "123371520", "command_success": false, "process_in_blocks": "0", "process_out_blocks": "0"}
[0m15:04:54.842792 [debug] [MainThread]: Command `dbt debug` failed at 15:04:54.842593 after 1.40 seconds
[0m15:04:54.843224 [debug] [MainThread]: Connection 'debug' was properly closed.
[0m15:04:54.843822 [debug] [MainThread]: Sending event: {'category': 'dbt', 'action': 'invocation', 'label': 'end', 'context': [<snowplow_tracker.self_describing_json.SelfDescribingJson object at 0x1066fc440>, <snowplow_tracker.self_describing_json.SelfDescribingJson object at 0x105ef24b0>, <snowplow_tracker.self_describing_json.SelfDescribingJson object at 0x1066d1010>]}
[0m15:04:54.844657 [debug] [MainThread]: Flushing usage events
[0m22:26:00.853710 [debug] [MainThread]: Sending event: {'category': 'dbt', 'action': 'invocation', 'label': 'start', 'context': [<snowplow_tracker.self_describing_json.SelfDescribingJson object at 0x10728ae40>, <snowplow_tracker.self_describing_json.SelfDescribingJson object at 0x1072bfa10>, <snowplow_tracker.self_describing_json.SelfDescribingJson object at 0x1072bf710>]}


============================== 22:26:00.856967 | 1df0e6ea-935a-4771-878f-77ee775ff32b ==============================
[0m22:26:00.856967 [info ] [MainThread]: Running with dbt=1.7.17
[0m22:26:00.857306 [debug] [MainThread]: running dbt with arguments {'printer_width': '80', 'indirect_selection': 'eager', 'write_json': 'True', 'log_cache_events': 'False', 'partial_parse': 'True', 'cache_selected_only': 'False', 'warn_error': 'None', 'fail_fast': 'False', 'version_check': 'True', 'log_path': 'logs', 'debug': 'False', 'profiles_dir': '/Users/p.hdasilvamota/.dbt', 'use_colors': 'True', 'use_experimental_parser': 'False', 'no_print': 'None', 'quiet': 'False', 'log_format': 'default', 'introspect': 'True', 'warn_error_options': 'WarnErrorOptions(include=[], exclude=[])', 'invocation_command': 'dbt compile', 'target_path': 'None', 'static_parser': 'True', 'send_anonymous_usage_stats': 'True'}
[0m22:26:00.857594 [error] [MainThread]: Encountered an error:
Runtime Error
  No dbt_project.yml found at expected path /Users/p.hdasilvamota/Documents/course/dbt_project.yml
  Verify that each entry within packages.yml (and their transitive dependencies) contains a file named dbt_project.yml
  
[0m22:26:00.858927 [debug] [MainThread]: Resource report: {"command_name": "compile", "command_wall_clock_time": 0.038574085, "process_user_time": 0.782826, "process_kernel_time": 0.119408, "process_mem_max_rss": "99794944", "command_success": false, "process_in_blocks": "0", "process_out_blocks": "0"}
[0m22:26:00.859218 [debug] [MainThread]: Command `dbt compile` failed at 22:26:00.859155 after 0.04 seconds
[0m22:26:00.859391 [debug] [MainThread]: Sending event: {'category': 'dbt', 'action': 'invocation', 'label': 'end', 'context': [<snowplow_tracker.self_describing_json.SelfDescribingJson object at 0x103071880>, <snowplow_tracker.self_describing_json.SelfDescribingJson object at 0x1072bf710>, <snowplow_tracker.self_describing_json.SelfDescribingJson object at 0x1072bfa40>]}
[0m22:26:00.859565 [debug] [MainThread]: Flushing usage events
[0m19:42:57.803633 [debug] [MainThread]: Sending event: {'category': 'dbt', 'action': 'invocation', 'label': 'start', 'context': [<snowplow_tracker.self_describing_json.SelfDescribingJson object at 0x10d5be030>, <snowplow_tracker.self_describing_json.SelfDescribingJson object at 0x10d5fb8c0>, <snowplow_tracker.self_describing_json.SelfDescribingJson object at 0x10d5fb5c0>]}


============================== 19:42:57.806475 | c25e1a7e-50e2-48e1-a3a0-6abe614e907e ==============================
[0m19:42:57.806475 [info ] [MainThread]: Running with dbt=1.7.17
[0m19:42:57.806805 [debug] [MainThread]: running dbt with arguments {'printer_width': '80', 'indirect_selection': 'eager', 'log_cache_events': 'False', 'write_json': 'True', 'partial_parse': 'True', 'cache_selected_only': 'False', 'warn_error': 'None', 'debug': 'False', 'profiles_dir': '/Users/p.hdasilvamota/.dbt', 'log_path': 'logs', 'fail_fast': 'False', 'version_check': 'True', 'use_colors': 'True', 'use_experimental_parser': 'False', 'no_print': 'None', 'quiet': 'False', 'log_format': 'default', 'introspect': 'True', 'static_parser': 'True', 'invocation_command': 'dbt test', 'target_path': 'None', 'warn_error_options': 'WarnErrorOptions(include=[], exclude=[])', 'send_anonymous_usage_stats': 'True'}
[0m19:42:57.807106 [error] [MainThread]: Encountered an error:
Runtime Error
  No dbt_project.yml found at expected path /Users/p.hdasilvamota/Documents/course/dbt_project.yml
  Verify that each entry within packages.yml (and their transitive dependencies) contains a file named dbt_project.yml
  
[0m19:42:57.808579 [debug] [MainThread]: Resource report: {"command_name": "test", "command_wall_clock_time": 0.042128123, "process_user_time": 0.825064, "process_kernel_time": 0.116138, "process_mem_max_rss": "104677376", "command_success": false, "process_in_blocks": "0", "process_out_blocks": "0"}
[0m19:42:57.808893 [debug] [MainThread]: Command `dbt test` failed at 19:42:57.808823 after 0.04 seconds
[0m19:42:57.809076 [debug] [MainThread]: Sending event: {'category': 'dbt', 'action': 'invocation', 'label': 'end', 'context': [<snowplow_tracker.self_describing_json.SelfDescribingJson object at 0x10d2e0b00>, <snowplow_tracker.self_describing_json.SelfDescribingJson object at 0x10d2e0fb0>, <snowplow_tracker.self_describing_json.SelfDescribingJson object at 0x109fab440>]}
[0m19:42:57.809255 [debug] [MainThread]: Flushing usage events
